MariaDB [(none)]> source Plug.sql;
Query OK, 0 rows affected, 10 warnings (0.00 sec)
Records: 10  Deleted: 0  Skipped: 10  Warnings: 10

Empty set (0.00 sec)

MariaDB [(none)]> source Plug.sql;
Query OK, 0 rows affected, 10 warnings (0.00 sec)
Records: 10  Deleted: 0  Skipped: 10  Warnings: 10

Empty set (0.00 sec)

MariaDB [(none)]> desc Plug.sql
    -> ;
ERROR 1142 (42000): SELECT command denied to user 'ns9wr'@'portal01.cs.virginia.edu' for table 'sql'
MariaDB [(none)]> desc Plug
    -> ;
+-----------+-------------+------+-----+---------+-------+
| Field     | Type        | Null | Key | Default | Extra |
+-----------+-------------+------+-----+---------+-------+
| serial_no | varchar(50) | NO   | PRI | NULL    |       |
| model_no  | varchar(50) | NO   | MUL | NULL    |       |
+-----------+-------------+------+-----+---------+-------+
2 rows in set (0.01 sec)

MariaDB [(none)]> 